timestamp: 2020-08-24T20:12:46.449554
CREATE TABLE "auth_user"(
    "id" INTEGER PRIMARY KEY AUTOINCREMENT,
    "username" CHAR(512) UNIQUE,
    "email" CHAR(512) UNIQUE,
    "password" CHAR(512),
    "first_name" CHAR(512),
    "last_name" CHAR(512),
    "sso_id" CHAR(512),
    "action_token" CHAR(512),
    "last_password_change" TIMESTAMP,
    "past_passwords_hash" TEXT
);
success!
timestamp: 2020-08-24T20:12:46.464627
CREATE TABLE "auth_user_tag_groups"(
    "id" INTEGER PRIMARY KEY AUTOINCREMENT,
    "path" CHAR(512),
    "record_id" INTEGER REFERENCES "auth_user" ("id") ON DELETE CASCADE  
);
success!
timestamp: 2021-05-12T13:16:35.263699
CREATE TABLE "skipakke_alpin_ski"(
    "id" INTEGER PRIMARY KEY AUTOINCREMENT,
    "length" INTEGER,
    "title" CHAR(512)
);
success!
timestamp: 2021-05-12T13:21:55.281374
ALTER TABLE "skipakke_alpin_ski" ADD "stock" INTEGER;
success!
timestamp: 2021-05-13T12:36:34.774962
CREATE TABLE "test"(
    "id" INTEGER PRIMARY KEY AUTOINCREMENT,
    "name" CHAR(512),
    "email" CHAR(512)
);
success!
timestamp: 2021-05-16T10:59:48.266539
ALTER TABLE "test" ADD "file" CHAR(512);
success!
success!
timestamp: 2021-05-17T11:13:30.295604
CREATE TABLE "test_table"(
    "id" INTEGER PRIMARY KEY AUTOINCREMENT,
    "f0" CHAR(512),
    "f1" CHAR(512),
    "f2" CHAR(512)
);
success!
success!
success!
